0 info it worked if it ends with ok
1 verbose cli [ '/usr/bin/nodejs', '/usr/bin/npm', 'run', 'watch' ]
2 info using npm@3.10.10
3 info using node@v6.10.3
4 verbose run-script [ 'prewatch', 'watch', 'postwatch' ]
5 info lifecycle blackswan-js@0.0.8~prewatch: blackswan-js@0.0.8
6 silly lifecycle blackswan-js@0.0.8~prewatch: no script for prewatch, continuing
7 info lifecycle blackswan-js@0.0.8~watch: blackswan-js@0.0.8
8 verbose lifecycle blackswan-js@0.0.8~watch: unsafe-perm in lifecycle true
9 verbose lifecycle blackswan-js@0.0.8~watch: PATH: /usr/lib/node_modules/npm/bin/node-gyp-bin:/home/isaac/Desktop/code/muzak-js/node_modules/.bin:/home/isaac/Desktop/code/muzak-js~/depot_tools:/usr/local/sbin:/usr/local/bin:/usr/sbin:/usr/bin:/sbin:/bin:/usr/games:/usr/local/games
10 verbose lifecycle blackswan-js@0.0.8~watch: CWD: /home/isaac/Desktop/code/muzak-js
11 silly lifecycle blackswan-js@0.0.8~watch: Args: [ '-c', 'webpack --config ./webpack.config.js --watch' ]
12 silly lifecycle blackswan-js@0.0.8~watch: Returned: code: 1  signal: null
13 info lifecycle blackswan-js@0.0.8~watch: Failed to exec watch script
14 verbose stack Error: blackswan-js@0.0.8 watch: `webpack --config ./webpack.config.js --watch`
14 verbose stack Exit status 1
14 verbose stack     at EventEmitter.<anonymous> (/usr/lib/node_modules/npm/lib/utils/lifecycle.js:255:16)
14 verbose stack     at emitTwo (events.js:106:13)
14 verbose stack     at EventEmitter.emit (events.js:191:7)
14 verbose stack     at ChildProcess.<anonymous> (/usr/lib/node_modules/npm/lib/utils/spawn.js:40:14)
14 verbose stack     at emitTwo (events.js:106:13)
14 verbose stack     at ChildProcess.emit (events.js:191:7)
14 verbose stack     at maybeClose (internal/child_process.js:886:16)
14 verbose stack     at Process.ChildProcess._handle.onexit (internal/child_process.js:226:5)
15 verbose pkgid blackswan-js@0.0.8
16 verbose cwd /home/isaac/Desktop/code/muzak-js
17 error Linux 3.16.0-38-generic
18 error argv "/usr/bin/nodejs" "/usr/bin/npm" "run" "watch"
19 error node v6.10.3
20 error npm  v3.10.10
21 error code ELIFECYCLE
22 error blackswan-js@0.0.8 watch: `webpack --config ./webpack.config.js --watch`
22 error Exit status 1
23 error Failed at the blackswan-js@0.0.8 watch script 'webpack --config ./webpack.config.js --watch'.
23 error Make sure you have the latest version of node.js and npm installed.
23 error If you do, this is most likely a problem with the blackswan-js package,
23 error not with npm itself.
23 error Tell the author that this fails on your system:
23 error     webpack --config ./webpack.config.js --watch
23 error You can get information on how to open an issue for this project with:
23 error     npm bugs blackswan-js
23 error Or if that isn't available, you can get their info via:
23 error     npm owner ls blackswan-js
23 error There is likely additional logging output above.
24 verbose exit [ 1, true ]
